Flutter crash report.
Please report a bug at https://github.com/flutter/flutter/issues.

## command

flutter run -d chrome

## exception

SocketException: SocketException: Error event raised in event handler : error condition has been reset, port = 0

```
#0      _NativeSocket.multiplex (dart:io-patch/socket_patch.dart:1735:30)
#1      _RawReceivePort._handleMessage (dart:isolate-patch/isolate_patch.dart:193:12)
```

## flutter doctor

```
[✓] Flutter (Channel stable, 3.41.7, on Parrot Security 7.2 (echo) 6.19.10+parrot7-amd64, locale
    en_US.UTF-8) [1,967ms]
    • Flutter version 3.41.7 on channel stable at /home/jonhy_x/flutter
    • Upstream repository https://github.com/flutter/flutter.git
    • Framework revision cc0734ac71 (3 weeks ago), 2026-04-15 21:21:08 -0700
    • Engine revision 59aa584fdf
    • Dart version 3.11.5
    • DevTools version 2.54.2
    • Feature flags: enable-web, enable-linux-desktop, enable-macos-desktop, enable-windows-desktop,
      enable-android, enable-ios, cli-animations, enable-native-assets, omit-legacy-version-file,
      enable-lldb-debugging, enable-uiscene-migration

[✗] Android toolchain - develop for Android devices [311ms]
    ✗ Unable to locate Android SDK.
      Install Android Studio from: https://developer.android.com/studio/index.html
      On first launch it will assist you in installing the Android SDK components.
      (or visit https://flutter.dev/to/linux-android-setup for detailed instructions).
      If the Android SDK has been installed to a custom location, please use
      `flutter config --android-sdk` to update to that location.


[✓] Chrome - develop for the web [285ms]
    • Chrome at google-chrome

[✓] Linux toolchain - develop for Linux desktop [7.4s]
    • Debian clang version 19.1.7 (3+b1)
    • cmake version 3.31.6
    • ninja version 1.12.1
    • pkg-config version 1.8.1
    • OpenGL core renderer: Mesa Intel(R) HD Graphics 520 (SKL GT2)
    • OpenGL core version: 4.6 (Core Profile) Mesa 25.0.7-2
    • OpenGL core shading language version: 4.60
    • OpenGL ES renderer: Mesa Intel(R) HD Graphics 520 (SKL GT2)
    • OpenGL ES version: OpenGL ES 3.2 Mesa 25.0.7-2
    • OpenGL ES shading language version: OpenGL ES GLSL ES 3.20
    • GL_EXT_framebuffer_blit: yes
    • GL_EXT_texture_format_BGRA8888: yes

[✓] Connected device (2 available) [170ms]
    • Linux (desktop) • linux  • linux-x64      • Parrot Security 7.2 (echo) 6.19.10+parrot7-amd64
    • Chrome (web)    • chrome • web-javascript • Google Chrome 147.0.7727.116

[✓] Network resources [1,261ms]
    • All expected network resources are available.

! Doctor found issues in 1 category.
```
